2016.3.22

1 修改 tree 加减号
2 修改 vList 图标bug.

版本："1.0.15"
--------------------
2016.3.22

1 修改 treable.css 全部收起时的边线效果。
2 修改 sutable.css 无法收起的问题。

版本："1.0.14"
--------------------
2016.3.21

1 blend 修改时间，下拉菜单，被遮住问题。

版本："1.0.13"
--------------------

2016.3.21

1 tip 增加配置项 bind，可以用于非全局的dom窗口

版本："1.0.12"
--------------------

2016.3.18

blend.js 修复bug
1 treable.js  新增 $ 右键菜单
2 blend.js 修改滚动条， 新增外部调用背景文字

版本："1.0.11"
--------------------
2016.3.18

blend.js 修复bug
1 search-mode  高度问题 没有遮住
版本："1.0.10"
--------------------
2016.3.18

blend.js 修复bug
1 选择数据为空的bug
版本："1.0.9"
--------------------
2016.3.17

blend.js 修复bug
1 search option bug
2 内部搜索的bug

版本："1.0.8"
--------------------
2016.3.17

blend.js 修复bug
1 起止时间选择
2 粘帖事件处理
3 abort 前一个ajax 请求。

版本："1.0.7"
-----------------

2016.3.17

blend.js 修复bug
1 推荐搜索 没显示人数的bug
2 搜索点击后没有加到上部 选中里面的问题

版本："1.0.6"
-----------------

2016.3.16

blend.js 修复bug
1 搜索按钮偏移
2 点击之后字体灰色，显示不可选鼠标
3 选中的标题行 “运动” 的面包屑 > bug 修改

版本："1.0.5"
------------------
2016.3.16

blend.js 上线

版本："1.0.4"
------------------

2016.3.11 更新

版本 ："1.0.3"

1 timerange 组件，拖拽有蓝色选中效果bug 

2 树桩菜单，前置+，- 号对齐效果的不整齐的css

3 分页组件下拉菜单，背景透明问题

4 树状二维表2 最下面的总计行排序问题
